openjdk version "25.0.2" 2026-01-20 LTS
OpenJDK Runtime Environment Temurin-25.0.2+10 (build 25.0.2+10-LTS)
OpenJDK 64-Bit Server VM Temurin-25.0.2+10 (build 25.0.2+10-LTS, mixed mode)
INFO  Using log config file: jar:file:/Applications/ghidra_12.0_PUBLIC/Ghidra/Framework/Generic/lib/Generic.jar!/generic.log4j.xml (LoggingInitialization)  
INFO  Using log file: /Users/zeno/Library/ghidra/ghidra_12.0_PUBLIC/application.log (LoggingInitialization)  
INFO  Loading user preferences: /Users/zeno/Library/ghidra/ghidra_12.0_PUBLIC/preferences (Preferences)  
INFO  Loading previous preferences: /Users/zeno/Library/ghidra/ghidra_12.1_PUBLIC/preferences (Preferences)  
INFO  Searching for classes... (ClassSearcher)  
INFO  Class search complete (477 ms) (ClassSearcher)  
INFO  Initializing SSL Context (SSLContextInitializer)  
INFO  Initializing Random Number Generator... (SecureRandomFactory)  
INFO  Random Number Generator initialization complete: NativePRNGNonBlocking (SecureRandomFactory)  
INFO  Trust manager disabled, cacerts have not been set (ApplicationTrustManagerFactory)  
INFO  Headless startup complete (896 ms) (AnalyzeHeadless)  
INFO  Class searcher loaded 58 extension points (18 false positives) (ClassSearcher)  
WARNING: A terminally deprecated method in sun.misc.Unsafe has been called
WARNING: sun.misc.Unsafe::staticFieldOffset has been called by org.apache.felix.framework.util.SecureAction (file:/Applications/ghidra_12.0_PUBLIC/Ghidra/Features/Base/lib/org.apache.felix.framework-7.0.5.jar)
WARNING: Please consider reporting this to the maintainers of class org.apache.felix.framework.util.SecureAction
WARNING: sun.misc.Unsafe::staticFieldOffset will be removed in a future release
INFO  HEADLESS Script Paths:
    /Applications/ghidra_12.0_PUBLIC/Ghidra/Features/FunctionID/ghidra_scripts
    /Applications/ghidra_12.0_PUBLIC/Ghidra/Features/MicrosoftCodeAnalyzer/ghidra_scripts
    /Applications/ghidra_12.0_PUBLIC/Ghidra/Features/PDB/ghidra_scripts
    /Applications/ghidra_12.0_PUBLIC/Ghidra/Processors/DATA/ghidra_scripts
    /Applications/ghidra_12.0_PUBLIC/Ghidra/Processors/8051/ghidra_scripts
    /Applications/ghidra_12.0_PUBLIC/Ghidra/Debug/Debugger-rmi-trace/ghidra_scripts
    /Applications/ghidra_12.0_PUBLIC/Ghidra/Features/Base/ghidra_scripts
    /Applications/ghidra_12.0_PUBLIC/Ghidra/Features/BytePatterns/ghidra_scripts
    /Applications/ghidra_12.0_PUBLIC/Ghidra/Features/SystemEmulation/ghidra_scripts
    /Applications/ghidra_12.0_PUBLIC/Ghidra/Features/Jython/ghidra_scripts
    /Applications/ghidra_12.0_PUBLIC/Ghidra/Processors/JVM/ghidra_scripts
    /Users/zeno/Downloads/misc/GM_research/gm_aaos/2024_Silverado_ICE/hardware/EEPROM/config_tool/firmware_re
    /Applications/ghidra_12.0_PUBLIC/Ghidra/Features/DecompilerDependent/ghidra_scripts
    /Users/zeno/ghidra_scripts
    /Applications/ghidra_12.0_PUBLIC/Ghidra/Features/Decompiler/ghidra_scripts
    /Applications/ghidra_12.0_PUBLIC/Ghidra/Processors/Atmel/ghidra_scripts
    /Applications/ghidra_12.0_PUBLIC/Ghidra/Features/WildcardAssembler/ghidra_scripts
    /Applications/ghidra_12.0_PUBLIC/Ghidra/Processors/PIC/ghidra_scripts
    /Applications/ghidra_12.0_PUBLIC/Ghidra/Features/SwiftDemangler/ghidra_scripts
    /Applications/ghidra_12.0_PUBLIC/Ghidra/Features/VersionTracking/ghidra_scripts
    /Applications/ghidra_12.0_PUBLIC/Ghidra/Debug/Debugger/ghidra_scripts
    /Applications/ghidra_12.0_PUBLIC/Ghidra/Features/GnuDemangler/ghidra_scripts
    /Applications/ghidra_12.0_PUBLIC/Ghidra/Features/PyGhidra/ghidra_scripts
    /Applications/ghidra_12.0_PUBLIC/Ghidra/Features/FileFormats/ghidra_scripts
    /Applications/ghidra_12.0_PUBLIC/Ghidra/Features/BSim/ghidra_scripts (HeadlessAnalyzer)  
INFO  HEADLESS: execution starts (HeadlessAnalyzer)  
INFO  Opening existing project: /Users/zeno/Downloads/misc/GM_research/gm_aaos/2024_Silverado_ICE/firmware/update_packages/Y181/86331656_ghidra/86331656_ghidra (HeadlessAnalyzer)  
INFO  Opening project: /Users/zeno/Downloads/misc/GM_research/gm_aaos/2024_Silverado_ICE/firmware/update_packages/Y181/86331656_ghidra/86331656_ghidra (HeadlessProject)  
INFO  REPORT: Processing read-only project file: /86331656 (HeadlessAnalyzer)  
INFO  REPORT: Execute script: extract_crc.java '/Users/zeno/Downloads/misc/GM_research/gm_aaos/2024_Silverado_ICE/hardware/EEPROM/config_tool/firmware_re/out_vip_app' '/Users/zeno/Downloads/misc/GM_research/gm_aaos/2024_Silverado_ICE/hardware/EEPROM/config_tool/firmware_re/vip_app_strings.tsv'  (HeadlessAnalyzer)  
INFO  SCRIPT: /Users/zeno/Downloads/misc/GM_research/gm_aaos/2024_Silverado_ICE/hardware/EEPROM/config_tool/firmware_re/extract_crc.java (HeadlessAnalyzer)  
INFO  extract_crc.java> PROGRAM 86331656 lang=V850:LE:32:default base=00000000 nfunc=6251 (GhidraScript)  
INFO  extract_crc.java> after pass1/2: 17 targets, 8 primary (GhidraScript)  
INFO  extract_crc.java> after expand: 115 targets (GhidraScript)  
WARN  Decompiling 000afc6a, pcode error at 000afe0e: Unable to resolve constructor at 000afe0e (DecompileCallback)  
WARN  Decompiling 000e86a6, pcode error at 000e86c8: Unable to resolve constructor at 000e86c8 (DecompileCallback)  
WARN  Decompiling 000ec8dc, pcode error at 000ee026: Unable to resolve constructor at 000ee026 (DecompileCallback)  
WARN  Decompiling 000ec8e8, pcode error at 000ee040: Unable to resolve constructor at 000ee040 (DecompileCallback)  
INFO  extract_crc.java> === DONE: decompiled 115 functions to /Users/zeno/Downloads/misc/GM_research/gm_aaos/2024_Silverado_ICE/hardware/EEPROM/config_tool/firmware_re/out_vip_app === (GhidraScript)  
